{"timestamp":"2025-11-29T11:36:31.162885Z","level":"info","event":"DAG bundles loaded: dags-folder, example_dags","logger":"airflow.dag_processing.bundles.manager.DagBundlesManager","filename":"manager.py","lineno":179}
{"timestamp":"2025-11-29T11:36:31.163872Z","level":"info","event":"Filling up the DagBag from /opt/airflow/dags/data_from_csv_dag.py","logger":"airflow.models.dagbag.DagBag","filename":"dagbag.py","lineno":593}
{"timestamp":"2025-11-29T11:36:31.179555Z","level":"warning","event":"The `airflow.operators.bash.BashOperator` attribute is deprecated. Please use `'airflow.providers.standard.operators.bash.BashOperator'`.","category":"DeprecatedImportWarning","filename":"/opt/airflow/dags/data_from_csv_dag.py","lineno":2,"logger":"py.warnings"}
{"timestamp":"2025-11-29T11:36:31.215471Z","level":"info","event":"Task instance is in running state","logger":"task.stdout"}
{"timestamp":"2025-11-29T11:36:31.215960Z","level":"info","event":" Previous state of the Task instance: TaskInstanceState.QUEUED","logger":"task.stdout"}
{"timestamp":"2025-11-29T11:36:31.216346Z","level":"info","event":"Current task name:bash_task","logger":"task.stdout"}
{"timestamp":"2025-11-29T11:36:31.216674Z","level":"info","event":"Dag name:data_from_csv_dag","logger":"task.stdout"}
{"timestamp":"2025-11-29T11:36:31.216487Z","level":"info","event":"Tmp dir root location: /tmp","logger":"airflow.task.hooks.airflow.providers.standard.hooks.subprocess.SubprocessHook","filename":"subprocess.py","lineno":78}
{"timestamp":"2025-11-29T11:36:31.218131Z","level":"info","event":"Running command: ['/usr/bin/bash', '-c', 'bash /opt/airflow/dags/scripts/wrapper_script.sh ']","logger":"airflow.task.hooks.airflow.providers.standard.hooks.subprocess.SubprocessHook","filename":"subprocess.py","lineno":88}
{"timestamp":"2025-11-29T11:36:31.231194Z","level":"info","event":"Output:","logger":"airflow.task.hooks.airflow.providers.standard.hooks.subprocess.SubprocessHook","filename":"subprocess.py","lineno":99}
{"timestamp":"2025-11-29T11:36:32.155633Z","level":"info","event":"CSV file is read","logger":"airflow.task.hooks.airflow.providers.standard.hooks.subprocess.SubprocessHook","filename":"subprocess.py","lineno":106}
{"timestamp":"2025-11-29T11:36:32.155808Z","level":"info","event":"Unnecessary columns are dropped","logger":"airflow.task.hooks.airflow.providers.standard.hooks.subprocess.SubprocessHook","filename":"subprocess.py","lineno":106}
{"timestamp":"2025-11-29T11:36:32.155880Z","level":"info","event":"Data types are defined","logger":"airflow.task.hooks.airflow.providers.standard.hooks.subprocess.SubprocessHook","filename":"subprocess.py","lineno":106}
{"timestamp":"2025-11-29T11:36:32.155928Z","level":"info","event":"CSV data is filtered based on country and subscription date","logger":"airflow.task.hooks.airflow.providers.standard.hooks.subprocess.SubprocessHook","filename":"subprocess.py","lineno":106}
{"timestamp":"2025-11-29T11:36:32.155977Z","level":"info","event":"Dates formatted to string","logger":"airflow.task.hooks.airflow.providers.standard.hooks.subprocess.SubprocessHook","filename":"subprocess.py","lineno":106}
{"timestamp":"2025-11-29T11:36:32.156018Z","level":"info","event":"CSV file written to /opt/airflow/dags/scripts/../data/output/customers-100-11-29-2025_11-36-32.csv","logger":"airflow.task.hooks.airflow.providers.standard.hooks.subprocess.SubprocessHook","filename":"subprocess.py","lineno":106}
{"timestamp":"2025-11-29T11:36:32.225900Z","level":"info","event":"Command exited with return code 0","logger":"airflow.task.hooks.airflow.providers.standard.hooks.subprocess.SubprocessHook","filename":"subprocess.py","lineno":110}
{"timestamp":"2025-11-29T11:36:32.226751Z","level":"info","event":"Pushing xcom","ti":"RuntimeTaskInstance(id=UUID('019acf66-6b59-74ea-a933-e9290d23751c'), task_id='bash_task', dag_id='data_from_csv_dag', run_id='scheduled__2025-11-29T11:36:26.913904+00:00', try_number=1, dag_version_id=UUID('019acf63-6db2-77ac-8501-19b9bdb62630'), map_index=-1, hostname='700e47fad549', context_carrier={}, task=<Task(BashOperator): bash_task>, bundle_instance=LocalDagBundle(name=dags-folder), max_tries=1, start_date=datetime.datetime(2025, 11, 29, 11, 36, 27, 781914, tzinfo=datetime.timezone.utc), end_date=None, state=<TaskInstanceState.RUNNING: 'running'>, is_mapped=False, rendered_map_index=None)","logger":"task","filename":"task_runner.py","lineno":1360}
{"timestamp":"2025-11-29T11:36:32.258896Z","level":"info","event":"Task instance in success state","logger":"task.stdout"}
{"timestamp":"2025-11-29T11:36:32.259757Z","level":"info","event":" Previous state of the Task instance: TaskInstanceState.RUNNING","logger":"task.stdout"}
{"timestamp":"2025-11-29T11:36:32.260211Z","level":"info","event":"Task operator:<Task(BashOperator): bash_task>","logger":"task.stdout"}
